doskey /history >> cmd.log
mkdir zhufengshop
cd zhufengshop
npm init
ls
touch .bowerrc
bower init
bower install bootstrap
bower install angular angular-route --save

mkdir zhufengshop
cd zhufengshop
npm init
ls
touch .bowerrc
bower init
bower install bootstrap
bower install angular angular-route --save

bower install bootstrap --save
npm install express --save
git init
git remote add origin https://github.com/zhufengnodejs/zhufengshop.git
git push -u origin master
git add .
git commit -m"初始化项目"
git push -u origin master
[2016-06-21 17:57:49.472] [ERROR] cheese - Cheese is too ripe!
[2016-06-21 17:57:49.475] [FATAL] cheese - Cheese was breeding ground for listeria.
